#-----------------------------------------------------------
# Vivado v2019.2 (64-bit)
# SW Build 2708876 on Wed Nov  6 21:40:23 MST 2019
# IP Build 2700528 on Thu Nov  7 00:09:20 MST 2019
# Start of session at: Wed Oct  5 20:55:09 2022
# Process ID: 5792
# Current directory: E:/arqui_2020/git/arqui-2022/vivado/tp2
# Command line: vivado.exe -gui_launcher_event rodinguilauncherevent17172 E:\arqui_2020\git\arqui-2022\vivado\tp2\tp2.xpr
# Log file: E:/arqui_2020/git/arqui-2022/vivado/tp2/vivado.log
# Journal file: E:/arqui_2020/git/arqui-2022/vivado/tp2\vivado.jou
#-----------------------------------------------------------
start_gui
open_project E:/arqui_2020/git/arqui-2022/vivado/tp2/tp2.xpr
Scanning sources...
Finished scanning sources
INFO: [IP_Flow 19-234] Refreshing IP repositories
INFO: [IP_Flow 19-1704] No user IP repositories specified
INFO: [IP_Flow 19-2313] Loaded Vivado IP repository 'E:/vivado/Vivado/2019.2/data/ip'.
open_project: Time (s): cpu = 00:00:10 ; elapsed = 00:00:07 . Memory (MB): peak = 1210.617 ; gain = 514.301
update_compile_order -fileset sources_1
import_files E:/arqui_2020/git/TP1-ARQUI/TP2/UART.v
import_files E:/arqui_2020/git/TP1-ARQUI/TP2/baudGen.v
import_files E:/arqui_2020/git/TP1-ARQUI/TP2/TX.v
import_files E:/arqui_2020/git/TP1-ARQUI/TP2/RX.v
import_files
INFO: [filemgmt 20-348] Importing the appropriate files for fileset: 'sim_1'
INFO: [filemgmt 20-334] All file(s) are already imported in fileset: 'sources_1'
INFO: [filemgmt 20-348] Importing the appropriate files for fileset: 'sources_1'
exit
INFO: [Common 17-206] Exiting Vivado at Wed Oct  5 20:57:42 2022...
