Vivado Simulator 2019.2
Time resolution is 1 ps
WARNING: "E:\vivado\Vivado\2019.2\data/verilog/src/unisims/BUFG.v" Line 56: Timing violation in scope /testbench_alu/test_unit/i_clk_IBUF_BUFG_inst/TChk56_972 at time 5424 ps $period (negedge I,(0:0:0),notifier) 
WARNING: "E:\vivado\Vivado\2019.2\data/verilog/src/unisims/BUFG.v" Line 57: Timing violation in scope /testbench_alu/test_unit/i_clk_IBUF_BUFG_inst/TChk57_973 at time 6424 ps $period (posedge I,(0:0:0),notifier) 
WARNING: "E:\vivado\Vivado\2019.2\data/verilog/src/unisims/BUFG.v" Line 56: Timing violation in scope /testbench_alu/test_unit/i_clk_IBUF_BUFG_inst/TChk56_972 at time 7424 ps $period (negedge I,(0:0:0),notifier) 
WARNING: "E:\vivado\Vivado\2019.2\data/verilog/src/unisims/BUFG.v" Line 57: Timing violation in scope /testbench_alu/test_unit/i_clk_IBUF_BUFG_inst/TChk57_973 at time 8424 ps $period (posedge I,(0:0:0),notifier) 
WARNING: "E:\vivado\Vivado\2019.2\data/verilog/src/unisims/BUFG.v" Line 56: Timing violation in scope /testbench_alu/test_unit/i_clk_IBUF_BUFG_inst/TChk56_972 at time 9424 ps $period (negedge I,(0:0:0),notifier) 
WARNING: "E:\vivado\Vivado\2019.2\data/verilog/src/unisims/BUFG.v" Line 57: Timing violation in scope /testbench_alu/test_unit/i_clk_IBUF_BUFG_inst/TChk57_973 at time 10424 ps $period (posedge I,(0:0:0),notifier) 
WARNING: "E:\vivado\Vivado\2019.2\data/verilog/src/unisims/BUFG.v" Line 56: Timing violation in scope /testbench_alu/test_unit/i_clk_IBUF_BUFG_inst/TChk56_972 at time 11424 ps $period (negedge I,(0:0:0),notifier) 
WARNING: "E:\vivado\Vivado\2019.2\data/verilog/src/unisims/BUFG.v" Line 57: Timing violation in scope /testbench_alu/test_unit/i_clk_IBUF_BUFG_inst/TChk57_973 at time 12424 ps $period (posedge I,(0:0:0),notifier) 
WARNING: "E:\vivado\Vivado\2019.2\data/verilog/src/unisims/BUFG.v" Line 56: Timing violation in scope /testbench_alu/test_unit/i_clk_IBUF_BUFG_inst/TChk56_972 at time 13424 ps $period (negedge I,(0:0:0),notifier) 
WARNING: "E:\vivado\Vivado\2019.2\data/verilog/src/unisims/BUFG.v" Line 57: Timing violation in scope /testbench_alu/test_unit/i_clk_IBUF_BUFG_inst/TChk57_973 at time 14424 ps $period (posedge I,(0:0:0),notifier) 
WARNING: "E:\vivado\Vivado\2019.2\data/verilog/src/unisims/BUFG.v" Line 56: Timing violation in scope /testbench_alu/test_unit/i_clk_IBUF_BUFG_inst/TChk56_972 at time 15424 ps $period (negedge I,(0:0:0),notifier) 
WARNING: "E:\vivado\Vivado\2019.2\data/verilog/src/unisims/BUFG.v" Line 57: Timing violation in scope /testbench_alu/test_unit/i_clk_IBUF_BUFG_inst/TChk57_973 at time 16424 ps $period (posedge I,(0:0:0),notifier) 
WARNING: "E:\vivado\Vivado\2019.2\data/verilog/src/unisims/BUFG.v" Line 56: Timing violation in scope /testbench_alu/test_unit/i_clk_IBUF_BUFG_inst/TChk56_972 at time 17424 ps $period (negedge I,(0:0:0),notifier) 
WARNING: "E:\vivado\Vivado\2019.2\data/verilog/src/unisims/BUFG.v" Line 57: Timing violation in scope /testbench_alu/test_unit/i_clk_IBUF_BUFG_inst/TChk57_973 at time 18424 ps $period (posedge I,(0:0:0),notifier) 
WARNING: "E:\vivado\Vivado\2019.2\data/verilog/src/unisims/BUFG.v" Line 56: Timing violation in scope /testbench_alu/test_unit/i_clk_IBUF_BUFG_inst/TChk56_972 at time 19424 ps $period (negedge I,(0:0:0),notifier) 
WARNING: "E:\vivado\Vivado\2019.2\data/verilog/src/unisims/BUFG.v" Line 57: Timing violation in scope /testbench_alu/test_unit/i_clk_IBUF_BUFG_inst/TChk57_973 at time 20424 ps $period (posedge I,(0:0:0),notifier) 
WARNING: "E:\vivado\Vivado\2019.2\data/verilog/src/unisims/BUFG.v" Line 56: Timing violation in scope /testbench_alu/test_unit/i_clk_IBUF_BUFG_inst/TChk56_972 at time 21424 ps $period (negedge I,(0:0:0),notifier) 
WARNING: "E:\vivado\Vivado\2019.2\data/verilog/src/unisims/BUFG.v" Line 57: Timing violation in scope /testbench_alu/test_unit/i_clk_IBUF_BUFG_inst/TChk57_973 at time 22424 ps $period (posedge I,(0:0:0),notifier) 
WARNING: "E:\vivado\Vivado\2019.2\data/verilog/src/unisims/BUFG.v" Line 56: Timing violation in scope /testbench_alu/test_unit/i_clk_IBUF_BUFG_inst/TChk56_972 at time 23424 ps $period (negedge I,(0:0:0),notifier) 
WARNING: "E:\vivado\Vivado\2019.2\data/verilog/src/unisims/BUFG.v" Line 57: Timing violation in scope /testbench_alu/test_unit/i_clk_IBUF_BUFG_inst/TChk57_973 at time 24424 ps $period (posedge I,(0:0:0),notifier) 
WARNING: "E:\vivado\Vivado\2019.2\data/verilog/src/unisims/BUFG.v" Line 56: Timing violation in scope /testbench_alu/test_unit/i_clk_IBUF_BUFG_inst/TChk56_972 at time 25424 ps $period (negedge I,(0:0:0),notifier) 
WARNING: "E:\vivado\Vivado\2019.2\data/verilog/src/unisims/BUFG.v" Line 57: Timing violation in scope /testbench_alu/test_unit/i_clk_IBUF_BUFG_inst/TChk57_973 at time 26424 ps $period (posedge I,(0:0:0),notifier) 
WARNING: "E:\vivado\Vivado\2019.2\data/verilog/src/unisims/BUFG.v" Line 56: Timing violation in scope /testbench_alu/test_unit/i_clk_IBUF_BUFG_inst/TChk56_972 at time 27424 ps $period (negedge I,(0:0:0),notifier) 
WARNING: "E:\vivado\Vivado\2019.2\data/verilog/src/unisims/BUFG.v" Line 57: Timing violation in scope /testbench_alu/test_unit/i_clk_IBUF_BUFG_inst/TChk57_973 at time 28424 ps $period (posedge I,(0:0:0),notifier) 
WARNING: "E:\vivado\Vivado\2019.2\data/verilog/src/unisims/BUFG.v" Line 56: Timing violation in scope /testbench_alu/test_unit/i_clk_IBUF_BUFG_inst/TChk56_972 at time 29424 ps $period (negedge I,(0:0:0),notifier) 
WARNING: "E:\vivado\Vivado\2019.2\data/verilog/src/unisims/BUFG.v" Line 57: Timing violation in scope /testbench_alu/test_unit/i_clk_IBUF_BUFG_inst/TChk57_973 at time 30424 ps $period (posedge I,(0:0:0),notifier) 
WARNING: "E:\vivado\Vivado\2019.2\data/verilog/src/unisims/BUFG.v" Line 56: Timing violation in scope /testbench_alu/test_unit/i_clk_IBUF_BUFG_inst/TChk56_972 at time 31424 ps $period (negedge I,(0:0:0),notifier) 
WARNING: "E:\vivado\Vivado\2019.2\data/verilog/src/unisims/BUFG.v" Line 57: Timing violation in scope /testbench_alu/test_unit/i_clk_IBUF_BUFG_inst/TChk57_973 at time 32424 ps $period (posedge I,(0:0:0),notifier) 
WARNING: "E:\vivado\Vivado\2019.2\data/verilog/src/unisims/BUFG.v" Line 56: Timing violation in scope /testbench_alu/test_unit/i_clk_IBUF_BUFG_inst/TChk56_972 at time 33424 ps $period (negedge I,(0:0:0),notifier) 
WARNING: "E:\vivado\Vivado\2019.2\data/verilog/src/unisims/BUFG.v" Line 57: Timing violation in scope /testbench_alu/test_unit/i_clk_IBUF_BUFG_inst/TChk57_973 at time 34424 ps $period (posedge I,(0:0:0),notifier) 
WARNING: "E:\vivado\Vivado\2019.2\data/verilog/src/unisims/BUFG.v" Line 56: Timing violation in scope /testbench_alu/test_unit/i_clk_IBUF_BUFG_inst/TChk56_972 at time 35424 ps $period (negedge I,(0:0:0),notifier) 
WARNING: "E:\vivado\Vivado\2019.2\data/verilog/src/unisims/BUFG.v" Line 57: Timing violation in scope /testbench_alu/test_unit/i_clk_IBUF_BUFG_inst/TChk57_973 at time 36424 ps $period (posedge I,(0:0:0),notifier) 
WARNING: "E:\vivado\Vivado\2019.2\data/verilog/src/unisims/BUFG.v" Line 56: Timing violation in scope /testbench_alu/test_unit/i_clk_IBUF_BUFG_inst/TChk56_972 at time 37424 ps $period (negedge I,(0:0:0),notifier) 
WARNING: "E:\vivado\Vivado\2019.2\data/verilog/src/unisims/BUFG.v" Line 57: Timing violation in scope /testbench_alu/test_unit/i_clk_IBUF_BUFG_inst/TChk57_973 at time 38424 ps $period (posedge I,(0:0:0),notifier) 
WARNING: "E:\vivado\Vivado\2019.2\data/verilog/src/unisims/BUFG.v" Line 56: Timing violation in scope /testbench_alu/test_unit/i_clk_IBUF_BUFG_inst/TChk56_972 at time 39424 ps $period (negedge I,(0:0:0),notifier) 
#######################################################
ADD code operation = 00100000 20 (hexa)
WARNING: "E:\vivado\Vivado\2019.2\data/verilog/src/unisims/BUFG.v" Line 57: Timing violation in scope /testbench_alu/test_unit/i_clk_IBUF_BUFG_inst/TChk57_973 at time 40424 ps $period (posedge I,(0:0:0),notifier) 
WARNING: "E:\vivado\Vivado\2019.2\data/verilog/src/unisims/BUFG.v" Line 56: Timing violation in scope /testbench_alu/test_unit/i_clk_IBUF_BUFG_inst/TChk56_972 at time 41424 ps $period (negedge I,(0:0:0),notifier) 
WARNING: "E:\vivado\Vivado\2019.2\data/verilog/src/unisims/BUFG.v" Line 57: Timing violation in scope /testbench_alu/test_unit/i_clk_IBUF_BUFG_inst/TChk57_973 at time 42424 ps $period (posedge I,(0:0:0),notifier) 
WARNING: "E:\vivado\Vivado\2019.2\data/verilog/src/unisims/BUFG.v" Line 56: Timing violation in scope /testbench_alu/test_unit/i_clk_IBUF_BUFG_inst/TChk56_972 at time 43424 ps $period (negedge I,(0:0:0),notifier) 
WARNING: "E:\vivado\Vivado\2019.2\data/verilog/src/unisims/BUFG.v" Line 57: Timing violation in scope /testbench_alu/test_unit/i_clk_IBUF_BUFG_inst/TChk57_973 at time 44424 ps $period (posedge I,(0:0:0),notifier) 
WARNING: "E:\vivado\Vivado\2019.2\data/verilog/src/unisims/BUFG.v" Line 56: Timing violation in scope /testbench_alu/test_unit/i_clk_IBUF_BUFG_inst/TChk56_972 at time 45424 ps $period (negedge I,(0:0:0),notifier) 
WARNING: "E:\vivado\Vivado\2019.2\data/verilog/src/unisims/BUFG.v" Line 57: Timing violation in scope /testbench_alu/test_unit/i_clk_IBUF_BUFG_inst/TChk57_973 at time 46424 ps $period (posedge I,(0:0:0),notifier) 
WARNING: "E:\vivado\Vivado\2019.2\data/verilog/src/unisims/BUFG.v" Line 56: Timing violation in scope /testbench_alu/test_unit/i_clk_IBUF_BUFG_inst/TChk56_972 at time 47424 ps $period (negedge I,(0:0:0),notifier) 
WARNING: "E:\vivado\Vivado\2019.2\data/verilog/src/unisims/BUFG.v" Line 57: Timing violation in scope /testbench_alu/test_unit/i_clk_IBUF_BUFG_inst/TChk57_973 at time 48424 ps $period (posedge I,(0:0:0),notifier) 
WARNING: "E:\vivado\Vivado\2019.2\data/verilog/src/unisims/BUFG.v" Line 56: Timing violation in scope /testbench_alu/test_unit/i_clk_IBUF_BUFG_inst/TChk56_972 at time 49424 ps $period (negedge I,(0:0:0),notifier) 
ADD result = 00000000 
test ADD fail
WARNING: "E:\vivado\Vivado\2019.2\data/verilog/src/unisims/BUFG.v" Line 57: Timing violation in scope /testbench_alu/test_unit/i_clk_IBUF_BUFG_inst/TChk57_973 at time 50424 ps $period (posedge I,(0:0:0),notifier) 
WARNING: "E:\vivado\Vivado\2019.2\data/verilog/src/unisims/BUFG.v" Line 56: Timing violation in scope /testbench_alu/test_unit/i_clk_IBUF_BUFG_inst/TChk56_972 at time 51424 ps $period (negedge I,(0:0:0),notifier) 
WARNING: "E:\vivado\Vivado\2019.2\data/verilog/src/unisims/BUFG.v" Line 57: Timing violation in scope /testbench_alu/test_unit/i_clk_IBUF_BUFG_inst/TChk57_973 at time 52424 ps $period (posedge I,(0:0:0),notifier) 
WARNING: "E:\vivado\Vivado\2019.2\data/verilog/src/unisims/BUFG.v" Line 56: Timing violation in scope /testbench_alu/test_unit/i_clk_IBUF_BUFG_inst/TChk56_972 at time 53424 ps $period (negedge I,(0:0:0),notifier) 
WARNING: "E:\vivado\Vivado\2019.2\data/verilog/src/unisims/BUFG.v" Line 57: Timing violation in scope /testbench_alu/test_unit/i_clk_IBUF_BUFG_inst/TChk57_973 at time 54424 ps $period (posedge I,(0:0:0),notifier) 
WARNING: "E:\vivado\Vivado\2019.2\data/verilog/src/unisims/BUFG.v" Line 56: Timing violation in scope /testbench_alu/test_unit/i_clk_IBUF_BUFG_inst/TChk56_972 at time 55424 ps $period (negedge I,(0:0:0),notifier) 
WARNING: "E:\vivado\Vivado\2019.2\data/verilog/src/unisims/BUFG.v" Line 57: Timing violation in scope /testbench_alu/test_unit/i_clk_IBUF_BUFG_inst/TChk57_973 at time 56424 ps $period (posedge I,(0:0:0),notifier) 
WARNING: "E:\vivado\Vivado\2019.2\data/verilog/src/unisims/BUFG.v" Line 56: Timing violation in scope /testbench_alu/test_unit/i_clk_IBUF_BUFG_inst/TChk56_972 at time 57424 ps $period (negedge I,(0:0:0),notifier) 
WARNING: "E:\vivado\Vivado\2019.2\data/verilog/src/unisims/BUFG.v" Line 57: Timing violation in scope /testbench_alu/test_unit/i_clk_IBUF_BUFG_inst/TChk57_973 at time 58424 ps $period (posedge I,(0:0:0),notifier) 
WARNING: "E:\vivado\Vivado\2019.2\data/verilog/src/unisims/BUFG.v" Line 56: Timing violation in scope /testbench_alu/test_unit/i_clk_IBUF_BUFG_inst/TChk56_972 at time 59424 ps $period (negedge I,(0:0:0),notifier) 
#######################################################
SUB code operation = 00100010 22 (hexa)
WARNING: "E:\vivado\Vivado\2019.2\data/verilog/src/unisims/BUFG.v" Line 57: Timing violation in scope /testbench_alu/test_unit/i_clk_IBUF_BUFG_inst/TChk57_973 at time 60424 ps $period (posedge I,(0:0:0),notifier) 
WARNING: "E:\vivado\Vivado\2019.2\data/verilog/src/unisims/BUFG.v" Line 56: Timing violation in scope /testbench_alu/test_unit/i_clk_IBUF_BUFG_inst/TChk56_972 at time 61424 ps $period (negedge I,(0:0:0),notifier) 
WARNING: "E:\vivado\Vivado\2019.2\data/verilog/src/unisims/BUFG.v" Line 57: Timing violation in scope /testbench_alu/test_unit/i_clk_IBUF_BUFG_inst/TChk57_973 at time 62424 ps $period (posedge I,(0:0:0),notifier) 
WARNING: "E:\vivado\Vivado\2019.2\data/verilog/src/unisims/BUFG.v" Line 56: Timing violation in scope /testbench_alu/test_unit/i_clk_IBUF_BUFG_inst/TChk56_972 at time 63424 ps $period (negedge I,(0:0:0),notifier) 
WARNING: "E:\vivado\Vivado\2019.2\data/verilog/src/unisims/BUFG.v" Line 57: Timing violation in scope /testbench_alu/test_unit/i_clk_IBUF_BUFG_inst/TChk57_973 at time 64424 ps $period (posedge I,(0:0:0),notifier) 
WARNING: "E:\vivado\Vivado\2019.2\data/verilog/src/unisims/BUFG.v" Line 56: Timing violation in scope /testbench_alu/test_unit/i_clk_IBUF_BUFG_inst/TChk56_972 at time 65424 ps $period (negedge I,(0:0:0),notifier) 
WARNING: "E:\vivado\Vivado\2019.2\data/verilog/src/unisims/BUFG.v" Line 57: Timing violation in scope /testbench_alu/test_unit/i_clk_IBUF_BUFG_inst/TChk57_973 at time 66424 ps $period (posedge I,(0:0:0),notifier) 
WARNING: "E:\vivado\Vivado\2019.2\data/verilog/src/unisims/BUFG.v" Line 56: Timing violation in scope /testbench_alu/test_unit/i_clk_IBUF_BUFG_inst/TChk56_972 at time 67424 ps $period (negedge I,(0:0:0),notifier) 
WARNING: "E:\vivado\Vivado\2019.2\data/verilog/src/unisims/BUFG.v" Line 57: Timing violation in scope /testbench_alu/test_unit/i_clk_IBUF_BUFG_inst/TChk57_973 at time 68424 ps $period (posedge I,(0:0:0),notifier) 
WARNING: "E:\vivado\Vivado\2019.2\data/verilog/src/unisims/BUFG.v" Line 56: Timing violation in scope /testbench_alu/test_unit/i_clk_IBUF_BUFG_inst/TChk56_972 at time 69424 ps $period (negedge I,(0:0:0),notifier) 
SUB result = 00000000 
test operation SUB fail
WARNING: "E:\vivado\Vivado\2019.2\data/verilog/src/unisims/BUFG.v" Line 57: Timing violation in scope /testbench_alu/test_unit/i_clk_IBUF_BUFG_inst/TChk57_973 at time 70424 ps $period (posedge I,(0:0:0),notifier) 
WARNING: "E:\vivado\Vivado\2019.2\data/verilog/src/unisims/BUFG.v" Line 56: Timing violation in scope /testbench_alu/test_unit/i_clk_IBUF_BUFG_inst/TChk56_972 at time 71424 ps $period (negedge I,(0:0:0),notifier) 
WARNING: "E:\vivado\Vivado\2019.2\data/verilog/src/unisims/BUFG.v" Line 57: Timing violation in scope /testbench_alu/test_unit/i_clk_IBUF_BUFG_inst/TChk57_973 at time 72424 ps $period (posedge I,(0:0:0),notifier) 
WARNING: "E:\vivado\Vivado\2019.2\data/verilog/src/unisims/BUFG.v" Line 56: Timing violation in scope /testbench_alu/test_unit/i_clk_IBUF_BUFG_inst/TChk56_972 at time 73424 ps $period (negedge I,(0:0:0),notifier) 
WARNING: "E:\vivado\Vivado\2019.2\data/verilog/src/unisims/BUFG.v" Line 57: Timing violation in scope /testbench_alu/test_unit/i_clk_IBUF_BUFG_inst/TChk57_973 at time 74424 ps $period (posedge I,(0:0:0),notifier) 
WARNING: "E:\vivado\Vivado\2019.2\data/verilog/src/unisims/BUFG.v" Line 56: Timing violation in scope /testbench_alu/test_unit/i_clk_IBUF_BUFG_inst/TChk56_972 at time 75424 ps $period (negedge I,(0:0:0),notifier) 
WARNING: "E:\vivado\Vivado\2019.2\data/verilog/src/unisims/BUFG.v" Line 57: Timing violation in scope /testbench_alu/test_unit/i_clk_IBUF_BUFG_inst/TChk57_973 at time 76424 ps $period (posedge I,(0:0:0),notifier) 
WARNING: "E:\vivado\Vivado\2019.2\data/verilog/src/unisims/BUFG.v" Line 56: Timing violation in scope /testbench_alu/test_unit/i_clk_IBUF_BUFG_inst/TChk56_972 at time 77424 ps $period (negedge I,(0:0:0),notifier) 
WARNING: "E:\vivado\Vivado\2019.2\data/verilog/src/unisims/BUFG.v" Line 57: Timing violation in scope /testbench_alu/test_unit/i_clk_IBUF_BUFG_inst/TChk57_973 at time 78424 ps $period (posedge I,(0:0:0),notifier) 
WARNING: "E:\vivado\Vivado\2019.2\data/verilog/src/unisims/BUFG.v" Line 56: Timing violation in scope /testbench_alu/test_unit/i_clk_IBUF_BUFG_inst/TChk56_972 at time 79424 ps $period (negedge I,(0:0:0),notifier) 
#######################################################
AND code operation = 00100100 24 (hexa)
WARNING: "E:\vivado\Vivado\2019.2\data/verilog/src/unisims/BUFG.v" Line 57: Timing violation in scope /testbench_alu/test_unit/i_clk_IBUF_BUFG_inst/TChk57_973 at time 80424 ps $period (posedge I,(0:0:0),notifier) 
WARNING: "E:\vivado\Vivado\2019.2\data/verilog/src/unisims/BUFG.v" Line 56: Timing violation in scope /testbench_alu/test_unit/i_clk_IBUF_BUFG_inst/TChk56_972 at time 81424 ps $period (negedge I,(0:0:0),notifier) 
WARNING: "E:\vivado\Vivado\2019.2\data/verilog/src/unisims/BUFG.v" Line 57: Timing violation in scope /testbench_alu/test_unit/i_clk_IBUF_BUFG_inst/TChk57_973 at time 82424 ps $period (posedge I,(0:0:0),notifier) 
WARNING: "E:\vivado\Vivado\2019.2\data/verilog/src/unisims/BUFG.v" Line 56: Timing violation in scope /testbench_alu/test_unit/i_clk_IBUF_BUFG_inst/TChk56_972 at time 83424 ps $period (negedge I,(0:0:0),notifier) 
WARNING: "E:\vivado\Vivado\2019.2\data/verilog/src/unisims/BUFG.v" Line 57: Timing violation in scope /testbench_alu/test_unit/i_clk_IBUF_BUFG_inst/TChk57_973 at time 84424 ps $period (posedge I,(0:0:0),notifier) 
WARNING: "E:\vivado\Vivado\2019.2\data/verilog/src/unisims/BUFG.v" Line 56: Timing violation in scope /testbench_alu/test_unit/i_clk_IBUF_BUFG_inst/TChk56_972 at time 85424 ps $period (negedge I,(0:0:0),notifier) 
WARNING: "E:\vivado\Vivado\2019.2\data/verilog/src/unisims/BUFG.v" Line 57: Timing violation in scope /testbench_alu/test_unit/i_clk_IBUF_BUFG_inst/TChk57_973 at time 86424 ps $period (posedge I,(0:0:0),notifier) 
WARNING: "E:\vivado\Vivado\2019.2\data/verilog/src/unisims/BUFG.v" Line 56: Timing violation in scope /testbench_alu/test_unit/i_clk_IBUF_BUFG_inst/TChk56_972 at time 87424 ps $period (negedge I,(0:0:0),notifier) 
WARNING: "E:\vivado\Vivado\2019.2\data/verilog/src/unisims/BUFG.v" Line 57: Timing violation in scope /testbench_alu/test_unit/i_clk_IBUF_BUFG_inst/TChk57_973 at time 88424 ps $period (posedge I,(0:0:0),notifier) 
WARNING: "E:\vivado\Vivado\2019.2\data/verilog/src/unisims/BUFG.v" Line 56: Timing violation in scope /testbench_alu/test_unit/i_clk_IBUF_BUFG_inst/TChk56_972 at time 89424 ps $period (negedge I,(0:0:0),notifier) 
AND result = 00000000 
test operation AND correct!
WARNING: "E:\vivado\Vivado\2019.2\data/verilog/src/unisims/BUFG.v" Line 57: Timing violation in scope /testbench_alu/test_unit/i_clk_IBUF_BUFG_inst/TChk57_973 at time 90424 ps $period (posedge I,(0:0:0),notifier) 
WARNING: "E:\vivado\Vivado\2019.2\data/verilog/src/unisims/BUFG.v" Line 56: Timing violation in scope /testbench_alu/test_unit/i_clk_IBUF_BUFG_inst/TChk56_972 at time 91424 ps $period (negedge I,(0:0:0),notifier) 
WARNING: "E:\vivado\Vivado\2019.2\data/verilog/src/unisims/BUFG.v" Line 57: Timing violation in scope /testbench_alu/test_unit/i_clk_IBUF_BUFG_inst/TChk57_973 at time 92424 ps $period (posedge I,(0:0:0),notifier) 
WARNING: "E:\vivado\Vivado\2019.2\data/verilog/src/unisims/BUFG.v" Line 56: Timing violation in scope /testbench_alu/test_unit/i_clk_IBUF_BUFG_inst/TChk56_972 at time 93424 ps $period (negedge I,(0:0:0),notifier) 
WARNING: "E:\vivado\Vivado\2019.2\data/verilog/src/unisims/BUFG.v" Line 57: Timing violation in scope /testbench_alu/test_unit/i_clk_IBUF_BUFG_inst/TChk57_973 at time 94424 ps $period (posedge I,(0:0:0),notifier) 
WARNING: "E:\vivado\Vivado\2019.2\data/verilog/src/unisims/BUFG.v" Line 56: Timing violation in scope /testbench_alu/test_unit/i_clk_IBUF_BUFG_inst/TChk56_972 at time 95424 ps $period (negedge I,(0:0:0),notifier) 
WARNING: "E:\vivado\Vivado\2019.2\data/verilog/src/unisims/BUFG.v" Line 57: Timing violation in scope /testbench_alu/test_unit/i_clk_IBUF_BUFG_inst/TChk57_973 at time 96424 ps $period (posedge I,(0:0:0),notifier) 
WARNING: "E:\vivado\Vivado\2019.2\data/verilog/src/unisims/BUFG.v" Line 56: Timing violation in scope /testbench_alu/test_unit/i_clk_IBUF_BUFG_inst/TChk56_972 at time 97424 ps $period (negedge I,(0:0:0),notifier) 
WARNING: "E:\vivado\Vivado\2019.2\data/verilog/src/unisims/BUFG.v" Line 57: Timing violation in scope /testbench_alu/test_unit/i_clk_IBUF_BUFG_inst/TChk57_973 at time 98424 ps $period (posedge I,(0:0:0),notifier) 
WARNING: "E:\vivado\Vivado\2019.2\data/verilog/src/unisims/BUFG.v" Line 56: Timing violation in scope /testbench_alu/test_unit/i_clk_IBUF_BUFG_inst/TChk56_972 at time 99424 ps $period (negedge I,(0:0:0),notifier) 
#######################################################
OR code operation = 00100101 25 (hexa)
WARNING: "E:\vivado\Vivado\2019.2\data/verilog/src/unisims/BUFG.v" Line 57: Timing violation in scope /testbench_alu/test_unit/i_clk_IBUF_BUFG_inst/TChk57_973 at time 100424 ps $period (posedge I,(0:0:0),notifier) 
WARNING: "E:\vivado\Vivado\2019.2\data/verilog/src/unisims/BUFG.v" Line 56: Timing violation in scope /testbench_alu/test_unit/i_clk_IBUF_BUFG_inst/TChk56_972 at time 101424 ps $period (negedge I,(0:0:0),notifier) 
WARNING: "E:\vivado\Vivado\2019.2\data/verilog/src/unisims/BUFG.v" Line 57: Timing violation in scope /testbench_alu/test_unit/i_clk_IBUF_BUFG_inst/TChk57_973 at time 102424 ps $period (posedge I,(0:0:0),notifier) 
WARNING: "E:\vivado\Vivado\2019.2\data/verilog/src/unisims/BUFG.v" Line 56: Timing violation in scope /testbench_alu/test_unit/i_clk_IBUF_BUFG_inst/TChk56_972 at time 103424 ps $period (negedge I,(0:0:0),notifier) 
WARNING: "E:\vivado\Vivado\2019.2\data/verilog/src/unisims/BUFG.v" Line 57: Timing violation in scope /testbench_alu/test_unit/i_clk_IBUF_BUFG_inst/TChk57_973 at time 104424 ps $period (posedge I,(0:0:0),notifier) 
WARNING: "E:\vivado\Vivado\2019.2\data/verilog/src/unisims/BUFG.v" Line 56: Timing violation in scope /testbench_alu/test_unit/i_clk_IBUF_BUFG_inst/TChk56_972 at time 105424 ps $period (negedge I,(0:0:0),notifier) 
WARNING: "E:\vivado\Vivado\2019.2\data/verilog/src/unisims/FDRE.v" Line 150: Timing violation in scope /testbench_alu/test_unit/result_reg[7]/TChk150_338 at time 106327 ps $setuphold (posedge C,negedge D,(0:0:0),(0:0:0),notifier,in_clk_enable_p,in_clk_enable_p,C_dly,D_dly) 
WARNING: "E:\vivado\Vivado\2019.2\data/verilog/src/unisims/FDRE.v" Line 153: Timing violation in scope /testbench_alu/test_unit/result_reg[1]/TChk153_341 at time 106372 ps $setuphold (posedge C,posedge D,(0:0:0),(0:0:0),notifier,in_clk_enable_p,in_clk_enable_p,C_dly,D_dly) 
WARNING: "E:\vivado\Vivado\2019.2\data/verilog/src/unisims/FDRE.v" Line 153: Timing violation in scope /testbench_alu/test_unit/result_reg[5]/TChk153_341 at time 106378 ps $setuphold (posedge C,posedge D,(0:0:0),(0:0:0),notifier,in_clk_enable_p,in_clk_enable_p,C_dly,D_dly) 
WARNING: "E:\vivado\Vivado\2019.2\data/verilog/src/unisims/BUFG.v" Line 57: Timing violation in scope /testbench_alu/test_unit/i_clk_IBUF_BUFG_inst/TChk57_973 at time 106424 ps $period (posedge I,(0:0:0),notifier) 
WARNING: "E:\vivado\Vivado\2019.2\data/verilog/src/unisims/FDRE.v" Line 150: Timing violation in scope /testbench_alu/test_unit/result_reg[3]/TChk150_338 at time 106468 ps $setuphold (posedge C,negedge D,(0:0:0),(0:0:0),notifier,in_clk_enable_p,in_clk_enable_p,C_dly,D_dly) 
WARNING: "E:\vivado\Vivado\2019.2\data/verilog/src/unisims/FDRE.v" Line 150: Timing violation in scope /testbench_alu/test_unit/result_reg[5]/TChk150_338 at time 106486 ps $setuphold (posedge C,negedge D,(0:0:0),(0:0:0),notifier,in_clk_enable_p,in_clk_enable_p,C_dly,D_dly) 
WARNING: "E:\vivado\Vivado\2019.2\data/verilog/src/unisims/BUFG.v" Line 56: Timing violation in scope /testbench_alu/test_unit/i_clk_IBUF_BUFG_inst/TChk56_972 at time 107424 ps $period (negedge I,(0:0:0),notifier) 
WARNING: "E:\vivado\Vivado\2019.2\data/verilog/src/unisims/BUFG.v" Line 57: Timing violation in scope /testbench_alu/test_unit/i_clk_IBUF_BUFG_inst/TChk57_973 at time 108424 ps $period (posedge I,(0:0:0),notifier) 
WARNING: "E:\vivado\Vivado\2019.2\data/verilog/src/unisims/BUFG.v" Line 56: Timing violation in scope /testbench_alu/test_unit/i_clk_IBUF_BUFG_inst/TChk56_972 at time 109424 ps $period (negedge I,(0:0:0),notifier) 
OR result = 00000000 (decimal)
test operation OR fail
WARNING: "E:\vivado\Vivado\2019.2\data/verilog/src/unisims/BUFG.v" Line 57: Timing violation in scope /testbench_alu/test_unit/i_clk_IBUF_BUFG_inst/TChk57_973 at time 110424 ps $period (posedge I,(0:0:0),notifier) 
WARNING: "E:\vivado\Vivado\2019.2\data/verilog/src/unisims/BUFG.v" Line 56: Timing violation in scope /testbench_alu/test_unit/i_clk_IBUF_BUFG_inst/TChk56_972 at time 111424 ps $period (negedge I,(0:0:0),notifier) 
WARNING: "E:\vivado\Vivado\2019.2\data/verilog/src/unisims/BUFG.v" Line 57: Timing violation in scope /testbench_alu/test_unit/i_clk_IBUF_BUFG_inst/TChk57_973 at time 112424 ps $period (posedge I,(0:0:0),notifier) 
WARNING: "E:\vivado\Vivado\2019.2\data/verilog/src/unisims/BUFG.v" Line 56: Timing violation in scope /testbench_alu/test_unit/i_clk_IBUF_BUFG_inst/TChk56_972 at time 113424 ps $period (negedge I,(0:0:0),notifier) 
WARNING: "E:\vivado\Vivado\2019.2\data/verilog/src/unisims/BUFG.v" Line 57: Timing violation in scope /testbench_alu/test_unit/i_clk_IBUF_BUFG_inst/TChk57_973 at time 114424 ps $period (posedge I,(0:0:0),notifier) 
WARNING: "E:\vivado\Vivado\2019.2\data/verilog/src/unisims/BUFG.v" Line 56: Timing violation in scope /testbench_alu/test_unit/i_clk_IBUF_BUFG_inst/TChk56_972 at time 115424 ps $period (negedge I,(0:0:0),notifier) 
WARNING: "E:\vivado\Vivado\2019.2\data/verilog/src/unisims/BUFG.v" Line 57: Timing violation in scope /testbench_alu/test_unit/i_clk_IBUF_BUFG_inst/TChk57_973 at time 116424 ps $period (posedge I,(0:0:0),notifier) 
WARNING: "E:\vivado\Vivado\2019.2\data/verilog/src/unisims/BUFG.v" Line 56: Timing violation in scope /testbench_alu/test_unit/i_clk_IBUF_BUFG_inst/TChk56_972 at time 117424 ps $period (negedge I,(0:0:0),notifier) 
WARNING: "E:\vivado\Vivado\2019.2\data/verilog/src/unisims/BUFG.v" Line 57: Timing violation in scope /testbench_alu/test_unit/i_clk_IBUF_BUFG_inst/TChk57_973 at time 118424 ps $period (posedge I,(0:0:0),notifier) 
WARNING: "E:\vivado\Vivado\2019.2\data/verilog/src/unisims/BUFG.v" Line 56: Timing violation in scope /testbench_alu/test_unit/i_clk_IBUF_BUFG_inst/TChk56_972 at time 119424 ps $period (negedge I,(0:0:0),notifier) 
#######################################################
XOR code operation = 00100110 26 (hexa)
WARNING: "E:\vivado\Vivado\2019.2\data/verilog/src/unisims/BUFG.v" Line 57: Timing violation in scope /testbench_alu/test_unit/i_clk_IBUF_BUFG_inst/TChk57_973 at time 120424 ps $period (posedge I,(0:0:0),notifier) 
WARNING: "E:\vivado\Vivado\2019.2\data/verilog/src/unisims/BUFG.v" Line 56: Timing violation in scope /testbench_alu/test_unit/i_clk_IBUF_BUFG_inst/TChk56_972 at time 121424 ps $period (negedge I,(0:0:0),notifier) 
WARNING: "E:\vivado\Vivado\2019.2\data/verilog/src/unisims/BUFG.v" Line 57: Timing violation in scope /testbench_alu/test_unit/i_clk_IBUF_BUFG_inst/TChk57_973 at time 122424 ps $period (posedge I,(0:0:0),notifier) 
WARNING: "E:\vivado\Vivado\2019.2\data/verilog/src/unisims/BUFG.v" Line 56: Timing violation in scope /testbench_alu/test_unit/i_clk_IBUF_BUFG_inst/TChk56_972 at time 123424 ps $period (negedge I,(0:0:0),notifier) 
WARNING: "E:\vivado\Vivado\2019.2\data/verilog/src/unisims/BUFG.v" Line 57: Timing violation in scope /testbench_alu/test_unit/i_clk_IBUF_BUFG_inst/TChk57_973 at time 124424 ps $period (posedge I,(0:0:0),notifier) 
WARNING: "E:\vivado\Vivado\2019.2\data/verilog/src/unisims/BUFG.v" Line 56: Timing violation in scope /testbench_alu/test_unit/i_clk_IBUF_BUFG_inst/TChk56_972 at time 125424 ps $period (negedge I,(0:0:0),notifier) 
WARNING: "E:\vivado\Vivado\2019.2\data/verilog/src/unisims/BUFG.v" Line 57: Timing violation in scope /testbench_alu/test_unit/i_clk_IBUF_BUFG_inst/TChk57_973 at time 126424 ps $period (posedge I,(0:0:0),notifier) 
WARNING: "E:\vivado\Vivado\2019.2\data/verilog/src/unisims/FDRE.v" Line 150: Timing violation in scope /testbench_alu/test_unit/result_reg[3]/TChk150_338 at time 126468 ps $setuphold (posedge C,negedge D,(0:0:0),(0:0:0),notifier,in_clk_enable_p,in_clk_enable_p,C_dly,D_dly) 
WARNING: "E:\vivado\Vivado\2019.2\data/verilog/src/unisims/BUFG.v" Line 56: Timing violation in scope /testbench_alu/test_unit/i_clk_IBUF_BUFG_inst/TChk56_972 at time 127424 ps $period (negedge I,(0:0:0),notifier) 
WARNING: "E:\vivado\Vivado\2019.2\data/verilog/src/unisims/BUFG.v" Line 57: Timing violation in scope /testbench_alu/test_unit/i_clk_IBUF_BUFG_inst/TChk57_973 at time 128424 ps $period (posedge I,(0:0:0),notifier) 
WARNING: "E:\vivado\Vivado\2019.2\data/verilog/src/unisims/BUFG.v" Line 56: Timing violation in scope /testbench_alu/test_unit/i_clk_IBUF_BUFG_inst/TChk56_972 at time 129424 ps $period (negedge I,(0:0:0),notifier) 
XOR result = 00000000 (decimal)
test operation XOR fail
WARNING: "E:\vivado\Vivado\2019.2\data/verilog/src/unisims/BUFG.v" Line 57: Timing violation in scope /testbench_alu/test_unit/i_clk_IBUF_BUFG_inst/TChk57_973 at time 130424 ps $period (posedge I,(0:0:0),notifier) 
WARNING: "E:\vivado\Vivado\2019.2\data/verilog/src/unisims/BUFG.v" Line 56: Timing violation in scope /testbench_alu/test_unit/i_clk_IBUF_BUFG_inst/TChk56_972 at time 131424 ps $period (negedge I,(0:0:0),notifier) 
WARNING: "E:\vivado\Vivado\2019.2\data/verilog/src/unisims/BUFG.v" Line 57: Timing violation in scope /testbench_alu/test_unit/i_clk_IBUF_BUFG_inst/TChk57_973 at time 132424 ps $period (posedge I,(0:0:0),notifier) 
WARNING: "E:\vivado\Vivado\2019.2\data/verilog/src/unisims/BUFG.v" Line 56: Timing violation in scope /testbench_alu/test_unit/i_clk_IBUF_BUFG_inst/TChk56_972 at time 133424 ps $period (negedge I,(0:0:0),notifier) 
WARNING: "E:\vivado\Vivado\2019.2\data/verilog/src/unisims/BUFG.v" Line 57: Timing violation in scope /testbench_alu/test_unit/i_clk_IBUF_BUFG_inst/TChk57_973 at time 134424 ps $period (posedge I,(0:0:0),notifier) 
WARNING: "E:\vivado\Vivado\2019.2\data/verilog/src/unisims/BUFG.v" Line 56: Timing violation in scope /testbench_alu/test_unit/i_clk_IBUF_BUFG_inst/TChk56_972 at time 135424 ps $period (negedge I,(0:0:0),notifier) 
WARNING: "E:\vivado\Vivado\2019.2\data/verilog/src/unisims/BUFG.v" Line 57: Timing violation in scope /testbench_alu/test_unit/i_clk_IBUF_BUFG_inst/TChk57_973 at time 136424 ps $period (posedge I,(0:0:0),notifier) 
WARNING: "E:\vivado\Vivado\2019.2\data/verilog/src/unisims/BUFG.v" Line 56: Timing violation in scope /testbench_alu/test_unit/i_clk_IBUF_BUFG_inst/TChk56_972 at time 137424 ps $period (negedge I,(0:0:0),notifier) 
WARNING: "E:\vivado\Vivado\2019.2\data/verilog/src/unisims/BUFG.v" Line 57: Timing violation in scope /testbench_alu/test_unit/i_clk_IBUF_BUFG_inst/TChk57_973 at time 138424 ps $period (posedge I,(0:0:0),notifier) 
WARNING: "E:\vivado\Vivado\2019.2\data/verilog/src/unisims/BUFG.v" Line 56: Timing violation in scope /testbench_alu/test_unit/i_clk_IBUF_BUFG_inst/TChk56_972 at time 139424 ps $period (negedge I,(0:0:0),notifier) 
#######################################################
SRA code operation = 00000011 03 (hexa)
WARNING: "E:\vivado\Vivado\2019.2\data/verilog/src/unisims/BUFG.v" Line 57: Timing violation in scope /testbench_alu/test_unit/i_clk_IBUF_BUFG_inst/TChk57_973 at time 140424 ps $period (posedge I,(0:0:0),notifier) 
WARNING: "E:\vivado\Vivado\2019.2\data/verilog/src/unisims/BUFG.v" Line 56: Timing violation in scope /testbench_alu/test_unit/i_clk_IBUF_BUFG_inst/TChk56_972 at time 141424 ps $period (negedge I,(0:0:0),notifier) 
WARNING: "E:\vivado\Vivado\2019.2\data/verilog/src/unisims/BUFG.v" Line 57: Timing violation in scope /testbench_alu/test_unit/i_clk_IBUF_BUFG_inst/TChk57_973 at time 142424 ps $period (posedge I,(0:0:0),notifier) 
WARNING: "E:\vivado\Vivado\2019.2\data/verilog/src/unisims/BUFG.v" Line 56: Timing violation in scope /testbench_alu/test_unit/i_clk_IBUF_BUFG_inst/TChk56_972 at time 143424 ps $period (negedge I,(0:0:0),notifier) 
WARNING: "E:\vivado\Vivado\2019.2\data/verilog/src/unisims/BUFG.v" Line 57: Timing violation in scope /testbench_alu/test_unit/i_clk_IBUF_BUFG_inst/TChk57_973 at time 144424 ps $period (posedge I,(0:0:0),notifier) 
WARNING: "E:\vivado\Vivado\2019.2\data/verilog/src/unisims/BUFG.v" Line 56: Timing violation in scope /testbench_alu/test_unit/i_clk_IBUF_BUFG_inst/TChk56_972 at time 145424 ps $period (negedge I,(0:0:0),notifier) 
WARNING: "E:\vivado\Vivado\2019.2\data/verilog/src/unisims/BUFG.v" Line 57: Timing violation in scope /testbench_alu/test_unit/i_clk_IBUF_BUFG_inst/TChk57_973 at time 146424 ps $period (posedge I,(0:0:0),notifier) 
WARNING: "E:\vivado\Vivado\2019.2\data/verilog/src/unisims/BUFG.v" Line 56: Timing violation in scope /testbench_alu/test_unit/i_clk_IBUF_BUFG_inst/TChk56_972 at time 147424 ps $period (negedge I,(0:0:0),notifier) 
WARNING: "E:\vivado\Vivado\2019.2\data/verilog/src/unisims/BUFG.v" Line 57: Timing violation in scope /testbench_alu/test_unit/i_clk_IBUF_BUFG_inst/TChk57_973 at time 148424 ps $period (posedge I,(0:0:0),notifier) 
WARNING: "E:\vivado\Vivado\2019.2\data/verilog/src/unisims/BUFG.v" Line 56: Timing violation in scope /testbench_alu/test_unit/i_clk_IBUF_BUFG_inst/TChk56_972 at time 149424 ps $period (negedge I,(0:0:0),notifier) 
SRA result = 00000000 
test operation SRA correct!
WARNING: "E:\vivado\Vivado\2019.2\data/verilog/src/unisims/BUFG.v" Line 57: Timing violation in scope /testbench_alu/test_unit/i_clk_IBUF_BUFG_inst/TChk57_973 at time 150424 ps $period (posedge I,(0:0:0),notifier) 
WARNING: "E:\vivado\Vivado\2019.2\data/verilog/src/unisims/BUFG.v" Line 56: Timing violation in scope /testbench_alu/test_unit/i_clk_IBUF_BUFG_inst/TChk56_972 at time 151424 ps $period (negedge I,(0:0:0),notifier) 
WARNING: "E:\vivado\Vivado\2019.2\data/verilog/src/unisims/BUFG.v" Line 57: Timing violation in scope /testbench_alu/test_unit/i_clk_IBUF_BUFG_inst/TChk57_973 at time 152424 ps $period (posedge I,(0:0:0),notifier) 
WARNING: "E:\vivado\Vivado\2019.2\data/verilog/src/unisims/BUFG.v" Line 56: Timing violation in scope /testbench_alu/test_unit/i_clk_IBUF_BUFG_inst/TChk56_972 at time 153424 ps $period (negedge I,(0:0:0),notifier) 
WARNING: "E:\vivado\Vivado\2019.2\data/verilog/src/unisims/BUFG.v" Line 57: Timing violation in scope /testbench_alu/test_unit/i_clk_IBUF_BUFG_inst/TChk57_973 at time 154424 ps $period (posedge I,(0:0:0),notifier) 
WARNING: "E:\vivado\Vivado\2019.2\data/verilog/src/unisims/BUFG.v" Line 56: Timing violation in scope /testbench_alu/test_unit/i_clk_IBUF_BUFG_inst/TChk56_972 at time 155424 ps $period (negedge I,(0:0:0),notifier) 
WARNING: "E:\vivado\Vivado\2019.2\data/verilog/src/unisims/BUFG.v" Line 57: Timing violation in scope /testbench_alu/test_unit/i_clk_IBUF_BUFG_inst/TChk57_973 at time 156424 ps $period (posedge I,(0:0:0),notifier) 
WARNING: "E:\vivado\Vivado\2019.2\data/verilog/src/unisims/BUFG.v" Line 56: Timing violation in scope /testbench_alu/test_unit/i_clk_IBUF_BUFG_inst/TChk56_972 at time 157424 ps $period (negedge I,(0:0:0),notifier) 
WARNING: "E:\vivado\Vivado\2019.2\data/verilog/src/unisims/BUFG.v" Line 57: Timing violation in scope /testbench_alu/test_unit/i_clk_IBUF_BUFG_inst/TChk57_973 at time 158424 ps $period (posedge I,(0:0:0),notifier) 
WARNING: "E:\vivado\Vivado\2019.2\data/verilog/src/unisims/BUFG.v" Line 56: Timing violation in scope /testbench_alu/test_unit/i_clk_IBUF_BUFG_inst/TChk56_972 at time 159424 ps $period (negedge I,(0:0:0),notifier) 
#######################################################
SRL code operation = 00000010 02 (hexa)
WARNING: "E:\vivado\Vivado\2019.2\data/verilog/src/unisims/BUFG.v" Line 57: Timing violation in scope /testbench_alu/test_unit/i_clk_IBUF_BUFG_inst/TChk57_973 at time 160424 ps $period (posedge I,(0:0:0),notifier) 
WARNING: "E:\vivado\Vivado\2019.2\data/verilog/src/unisims/BUFG.v" Line 56: Timing violation in scope /testbench_alu/test_unit/i_clk_IBUF_BUFG_inst/TChk56_972 at time 161424 ps $period (negedge I,(0:0:0),notifier) 
WARNING: "E:\vivado\Vivado\2019.2\data/verilog/src/unisims/BUFG.v" Line 57: Timing violation in scope /testbench_alu/test_unit/i_clk_IBUF_BUFG_inst/TChk57_973 at time 162424 ps $period (posedge I,(0:0:0),notifier) 
WARNING: "E:\vivado\Vivado\2019.2\data/verilog/src/unisims/BUFG.v" Line 56: Timing violation in scope /testbench_alu/test_unit/i_clk_IBUF_BUFG_inst/TChk56_972 at time 163424 ps $period (negedge I,(0:0:0),notifier) 
WARNING: "E:\vivado\Vivado\2019.2\data/verilog/src/unisims/BUFG.v" Line 57: Timing violation in scope /testbench_alu/test_unit/i_clk_IBUF_BUFG_inst/TChk57_973 at time 164424 ps $period (posedge I,(0:0:0),notifier) 
WARNING: "E:\vivado\Vivado\2019.2\data/verilog/src/unisims/BUFG.v" Line 56: Timing violation in scope /testbench_alu/test_unit/i_clk_IBUF_BUFG_inst/TChk56_972 at time 165424 ps $period (negedge I,(0:0:0),notifier) 
WARNING: "E:\vivado\Vivado\2019.2\data/verilog/src/unisims/BUFG.v" Line 57: Timing violation in scope /testbench_alu/test_unit/i_clk_IBUF_BUFG_inst/TChk57_973 at time 166424 ps $period (posedge I,(0:0:0),notifier) 
WARNING: "E:\vivado\Vivado\2019.2\data/verilog/src/unisims/BUFG.v" Line 56: Timing violation in scope /testbench_alu/test_unit/i_clk_IBUF_BUFG_inst/TChk56_972 at time 167424 ps $period (negedge I,(0:0:0),notifier) 
WARNING: "E:\vivado\Vivado\2019.2\data/verilog/src/unisims/BUFG.v" Line 57: Timing violation in scope /testbench_alu/test_unit/i_clk_IBUF_BUFG_inst/TChk57_973 at time 168424 ps $period (posedge I,(0:0:0),notifier) 
WARNING: "E:\vivado\Vivado\2019.2\data/verilog/src/unisims/BUFG.v" Line 56: Timing violation in scope /testbench_alu/test_unit/i_clk_IBUF_BUFG_inst/TChk56_972 at time 169424 ps $period (negedge I,(0:0:0),notifier) 
SRL result = 00000000 (decimal)
test operation SRL correct!
WARNING: "E:\vivado\Vivado\2019.2\data/verilog/src/unisims/BUFG.v" Line 57: Timing violation in scope /testbench_alu/test_unit/i_clk_IBUF_BUFG_inst/TChk57_973 at time 170424 ps $period (posedge I,(0:0:0),notifier) 
WARNING: "E:\vivado\Vivado\2019.2\data/verilog/src/unisims/BUFG.v" Line 56: Timing violation in scope /testbench_alu/test_unit/i_clk_IBUF_BUFG_inst/TChk56_972 at time 171424 ps $period (negedge I,(0:0:0),notifier) 
WARNING: "E:\vivado\Vivado\2019.2\data/verilog/src/unisims/BUFG.v" Line 57: Timing violation in scope /testbench_alu/test_unit/i_clk_IBUF_BUFG_inst/TChk57_973 at time 172424 ps $period (posedge I,(0:0:0),notifier) 
WARNING: "E:\vivado\Vivado\2019.2\data/verilog/src/unisims/BUFG.v" Line 56: Timing violation in scope /testbench_alu/test_unit/i_clk_IBUF_BUFG_inst/TChk56_972 at time 173424 ps $period (negedge I,(0:0:0),notifier) 
WARNING: "E:\vivado\Vivado\2019.2\data/verilog/src/unisims/BUFG.v" Line 57: Timing violation in scope /testbench_alu/test_unit/i_clk_IBUF_BUFG_inst/TChk57_973 at time 174424 ps $period (posedge I,(0:0:0),notifier) 
WARNING: "E:\vivado\Vivado\2019.2\data/verilog/src/unisims/BUFG.v" Line 56: Timing violation in scope /testbench_alu/test_unit/i_clk_IBUF_BUFG_inst/TChk56_972 at time 175424 ps $period (negedge I,(0:0:0),notifier) 
WARNING: "E:\vivado\Vivado\2019.2\data/verilog/src/unisims/BUFG.v" Line 57: Timing violation in scope /testbench_alu/test_unit/i_clk_IBUF_BUFG_inst/TChk57_973 at time 176424 ps $period (posedge I,(0:0:0),notifier) 
WARNING: "E:\vivado\Vivado\2019.2\data/verilog/src/unisims/BUFG.v" Line 56: Timing violation in scope /testbench_alu/test_unit/i_clk_IBUF_BUFG_inst/TChk56_972 at time 177424 ps $period (negedge I,(0:0:0),notifier) 
WARNING: "E:\vivado\Vivado\2019.2\data/verilog/src/unisims/BUFG.v" Line 57: Timing violation in scope /testbench_alu/test_unit/i_clk_IBUF_BUFG_inst/TChk57_973 at time 178424 ps $period (posedge I,(0:0:0),notifier) 
WARNING: "E:\vivado\Vivado\2019.2\data/verilog/src/unisims/BUFG.v" Line 56: Timing violation in scope /testbench_alu/test_unit/i_clk_IBUF_BUFG_inst/TChk56_972 at time 179424 ps $period (negedge I,(0:0:0),notifier) 
#######################################################
NOR code operation = 00100111 27 (hexa)
WARNING: "E:\vivado\Vivado\2019.2\data/verilog/src/unisims/BUFG.v" Line 57: Timing violation in scope /testbench_alu/test_unit/i_clk_IBUF_BUFG_inst/TChk57_973 at time 180424 ps $period (posedge I,(0:0:0),notifier) 
WARNING: "E:\vivado\Vivado\2019.2\data/verilog/src/unisims/BUFG.v" Line 56: Timing violation in scope /testbench_alu/test_unit/i_clk_IBUF_BUFG_inst/TChk56_972 at time 181424 ps $period (negedge I,(0:0:0),notifier) 
WARNING: "E:\vivado\Vivado\2019.2\data/verilog/src/unisims/BUFG.v" Line 57: Timing violation in scope /testbench_alu/test_unit/i_clk_IBUF_BUFG_inst/TChk57_973 at time 182424 ps $period (posedge I,(0:0:0),notifier) 
WARNING: "E:\vivado\Vivado\2019.2\data/verilog/src/unisims/BUFG.v" Line 56: Timing violation in scope /testbench_alu/test_unit/i_clk_IBUF_BUFG_inst/TChk56_972 at time 183424 ps $period (negedge I,(0:0:0),notifier) 
WARNING: "E:\vivado\Vivado\2019.2\data/verilog/src/unisims/BUFG.v" Line 57: Timing violation in scope /testbench_alu/test_unit/i_clk_IBUF_BUFG_inst/TChk57_973 at time 184424 ps $period (posedge I,(0:0:0),notifier) 
WARNING: "E:\vivado\Vivado\2019.2\data/verilog/src/unisims/BUFG.v" Line 56: Timing violation in scope /testbench_alu/test_unit/i_clk_IBUF_BUFG_inst/TChk56_972 at time 185424 ps $period (negedge I,(0:0:0),notifier) 
WARNING: "E:\vivado\Vivado\2019.2\data/verilog/src/unisims/BUFG.v" Line 57: Timing violation in scope /testbench_alu/test_unit/i_clk_IBUF_BUFG_inst/TChk57_973 at time 186424 ps $period (posedge I,(0:0:0),notifier) 
WARNING: "E:\vivado\Vivado\2019.2\data/verilog/src/unisims/FDRE.v" Line 153: Timing violation in scope /testbench_alu/test_unit/result_reg[3]/TChk153_341 at time 186468 ps $setuphold (posedge C,posedge D,(0:0:0),(0:0:0),notifier,in_clk_enable_p,in_clk_enable_p,C_dly,D_dly) 
WARNING: "E:\vivado\Vivado\2019.2\data/verilog/src/unisims/BUFG.v" Line 56: Timing violation in scope /testbench_alu/test_unit/i_clk_IBUF_BUFG_inst/TChk56_972 at time 187424 ps $period (negedge I,(0:0:0),notifier) 
WARNING: "E:\vivado\Vivado\2019.2\data/verilog/src/unisims/BUFG.v" Line 57: Timing violation in scope /testbench_alu/test_unit/i_clk_IBUF_BUFG_inst/TChk57_973 at time 188424 ps $period (posedge I,(0:0:0),notifier) 
WARNING: "E:\vivado\Vivado\2019.2\data/verilog/src/unisims/BUFG.v" Line 56: Timing violation in scope /testbench_alu/test_unit/i_clk_IBUF_BUFG_inst/TChk56_972 at time 189424 ps $period (negedge I,(0:0:0),notifier) 
NOR result = 00000000 (decimal)
test operation NOR fail
WARNING: "E:\vivado\Vivado\2019.2\data/verilog/src/unisims/BUFG.v" Line 57: Timing violation in scope /testbench_alu/test_unit/i_clk_IBUF_BUFG_inst/TChk57_973 at time 190424 ps $period (posedge I,(0:0:0),notifier) 
WARNING: "E:\vivado\Vivado\2019.2\data/verilog/src/unisims/BUFG.v" Line 56: Timing violation in scope /testbench_alu/test_unit/i_clk_IBUF_BUFG_inst/TChk56_972 at time 191424 ps $period (negedge I,(0:0:0),notifier) 
WARNING: "E:\vivado\Vivado\2019.2\data/verilog/src/unisims/BUFG.v" Line 57: Timing violation in scope /testbench_alu/test_unit/i_clk_IBUF_BUFG_inst/TChk57_973 at time 192424 ps $period (posedge I,(0:0:0),notifier) 
WARNING: "E:\vivado\Vivado\2019.2\data/verilog/src/unisims/BUFG.v" Line 56: Timing violation in scope /testbench_alu/test_unit/i_clk_IBUF_BUFG_inst/TChk56_972 at time 193424 ps $period (negedge I,(0:0:0),notifier) 
WARNING: "E:\vivado\Vivado\2019.2\data/verilog/src/unisims/BUFG.v" Line 57: Timing violation in scope /testbench_alu/test_unit/i_clk_IBUF_BUFG_inst/TChk57_973 at time 194424 ps $period (posedge I,(0:0:0),notifier) 
WARNING: "E:\vivado\Vivado\2019.2\data/verilog/src/unisims/BUFG.v" Line 56: Timing violation in scope /testbench_alu/test_unit/i_clk_IBUF_BUFG_inst/TChk56_972 at time 195424 ps $period (negedge I,(0:0:0),notifier) 
WARNING: "E:\vivado\Vivado\2019.2\data/verilog/src/unisims/BUFG.v" Line 57: Timing violation in scope /testbench_alu/test_unit/i_clk_IBUF_BUFG_inst/TChk57_973 at time 196424 ps $period (posedge I,(0:0:0),notifier) 
WARNING: "E:\vivado\Vivado\2019.2\data/verilog/src/unisims/BUFG.v" Line 56: Timing violation in scope /testbench_alu/test_unit/i_clk_IBUF_BUFG_inst/TChk56_972 at time 197424 ps $period (negedge I,(0:0:0),notifier) 
WARNING: "E:\vivado\Vivado\2019.2\data/verilog/src/unisims/BUFG.v" Line 57: Timing violation in scope /testbench_alu/test_unit/i_clk_IBUF_BUFG_inst/TChk57_973 at time 198424 ps $period (posedge I,(0:0:0),notifier) 
WARNING: "E:\vivado\Vivado\2019.2\data/verilog/src/unisims/BUFG.v" Line 56: Timing violation in scope /testbench_alu/test_unit/i_clk_IBUF_BUFG_inst/TChk56_972 at time 199424 ps $period (negedge I,(0:0:0),notifier) 
#######################################################
